GPU devices found:
  PhysicalDevice(name='/physical_device:GPU:0', device_type='GPU')
✅ GPU acceleration enabled (MPS)
Forcing CPU for pretraining, unless APPLE fixes MPS support
================================================================================
ReconMAE Pretraining Script
================================================================================
Data path: ./data/ps2_p72/rt1/snr10to25_speed5
Model: ReconMAE
Experiment: siso_1_umi_block_1_ps2_p72
Masking type: discrete
Epochs: 80
Learning rate: 0.001
Batch sizes: train=64, eval=64
================================================================================
Creating dataset with masking type: discrete
✅ Dataset created successfully
✅ Data loaders created: 507 train batches, 57 eval batches
✅ Model hyperparameters loaded
✅ Input shape determined: (2, 72, 2)
✅ Model initialized successfully
Model summary:
Model: "recon_mae"
_________________________________________________________________
 Layer (type)                Output Shape              Param #   
=================================================================
 encoder (Encoder)           multiple                  125856    
                                                                 
 decoder (Decoder)           multiple                  27346     
                                                                 
 decoder_1 (Decoder)         multiple                  53074     
                                                                 
=================================================================
Total params: 206276 (805.77 KB)
Trainable params: 206276 (805.77 KB)
Non-trainable params: 0 (0.00 Byte)
_________________________________________________________________
